Arguments: 
  /home/kwesi/.nvm/versions/node/v13.2.0/bin/node /usr/share/yarn/bin/yarn.js add express cors dotenv stream-cha

PATH: 
  /home/kwesi/development/flutter_linux_v1.9.1+hotfix.6-stable/flutter/bin:/home/kwesi/bin:/usr/local/bin:/home/kwesi/.cargo/bin:/home/kwesi/.local/bin:/home/kwesi/.nvm/versions/node/v13.2.0/bin:/usr/local/sbin:/usr/local/bin:/usr/sbin:/usr/bin:/sbin:/bin:/usr/games:/usr/local/games:/snap/bin:/home/kwesi/.local/bin:/home/kwesi/flutter/bin

Yarn version: 
  1.21.1

Node version: 
  13.2.0

Platform: 
  linux x64

Trace: 
  Error: https://registry.yarnpkg.com/stream-cha: Not found
      at Request.params.callback [as _callback] (/usr/share/yarn/lib/cli.js:66947:18)
      at Request.self.callback (/usr/share/yarn/lib/cli.js:140665:22)
      at Request.emit (events.js:210:5)
      at Request.<anonymous> (/usr/share/yarn/lib/cli.js:141637:10)
      at Request.emit (events.js:210:5)
      at IncomingMessage.<anonymous> (/usr/share/yarn/lib/cli.js:141559:12)
      at Object.onceWrapper (events.js:299:28)
      at IncomingMessage.emit (events.js:215:7)
      at endReadableNT (_stream_readable.js:1200:12)
      at processTicksAndRejections (internal/process/task_queues.js:80:21)

npm manifest: 
  {
    "name": "speak-up-api",
    "version": "1.0.0",
    "description": "simple real time chat api",
    "main": "index.js",
    "scripts": {
      "test": "echo \"Error: no test specified\" && exit 1"
    },
    "author": "Eben",
    "license": "ISC"
  }

yarn manifest: 
  No manifest

Lockfile: 
  No lockfile
